2018/04/07 19:31:17 Logging started
2018/04/08 03:04:13 Logging started
2018/04/08 03:20:08 Logging started
2018/04/08 03:26:01 Logging started
2018/04/08 03:28:36 Logging started
2018/04/08 03:29:42 Logging started
2018/04/08 12:31:55 Logging started
2018/04/08 12:34:33 Logging started
2018/04/08 12:35:35 Logging started
2018/04/08 12:36:03 Logging started
2018/04/08 12:38:46 Logging started
2018/04/08 12:38:46 App Init Method Begin
2018/04/08 12:38:46 Error Connecting to Mongo Database
2018/04/08 12:38:46 Escalated to the top
2018/04/08 12:38:46 server returned error on SASL authentication step: Invalid database name: 'drinen-mlb-feed/drinen-mlb-feed'
2018/04/08 13:18:28 Logging started
2018/04/08 13:18:28 App Init Method Begin
2018/04/08 13:18:28 App Init Mongo Connected
2018/04/08 13:18:28 App Init Method End
2018/04/08 13:18:28 Running on port :8080
2018/04/10 19:29:47 Logging started
2018/04/10 19:29:47 Running on port :8080
2018/04/10 19:31:56 Logging started
2018/04/10 19:31:56 Running on port :8080
2018/04/10 19:33:50 Logging started
2018/04/10 19:36:51 Logging started
2018/04/10 19:38:10 Logging started
2018/04/10 19:39:51 Logging started
